<?xml version="1.0" encoding="UTF-8"?>
<!-- Generated by org.testng.reporters.JUnitReportReporter -->
<testsuite hostname="INLEN8520066240" failures="0" tests="1" name="cucumberOptions.TestNGTestRunner" time="11.214" errors="0" timestamp="2025-01-08T12:58:49 IST" skipped="0">
  <testcase classname="cucumberOptions.TestNGTestRunner" name="runScenario" time="11.214"/>
  <system-out/>
</testsuite> <!-- cucumberOptions.TestNGTestRunner -->
