<?xml version="1.0" encoding="UTF-8"?>
<!-- Generated by org.testng.reporters.JUnitReportReporter -->
<testsuite hostname="INLEN8520066240" failures="0" tests="1" name="cucumberOptions.TestNGTestRunner" time="4.988" errors="0" timestamp="2025-01-09T14:59:39 IST" skipped="0">
  <testcase classname="cucumberOptions.TestNGTestRunner" name="runScenario" time="4.988"/>
  <system-out/>
</testsuite> <!-- cucumberOptions.TestNGTestRunner -->
