<?xml version="1.0" encoding="UTF-8"?>
<!-- Generated by org.testng.reporters.JUnitReportReporter -->
<testsuite hostname="INLEN8520066240" failures="0" tests="1" name="cucumberOptions.TestNGTestRunner" time="4.534" errors="0" timestamp="2025-01-13T13:19:06 IST" skipped="0">
  <testcase classname="cucumberOptions.TestNGTestRunner" name="runScenario" time="4.534"/>
  <system-out/>
</testsuite> <!-- cucumberOptions.TestNGTestRunner -->
